<?xml version="1.0" encoding="UTF-8"?>
<!-- Generated by org.testng.reporters.JUnitXMLReporter -->
<testsuite hostname="LSLT-IT10255" ignored="0" name="Test" tests="1" failures="1" timestamp="14 Sep 2018 20:33:00 GMT" time="5.997" errors="0">
  <testcase name="basePageNavigation" time="0.093" classname="Academy.ValidateTitle">
    <failure type="java.lang.AssertionError" message="expected [Featured Coursessss] but found [FEATURED COURSES]">
      <![CDATA[java.lang.AssertionError: expected [Featured Coursessss] but found [FEATURED COURSES]
at Academy.ValidateTitle.basePageNavigation(ValidateTitle.java:42)
... Removed 31 stack frames]]>
    </failure>
  </testcase> <!-- basePageNavigation -->
</testsuite> <!-- Test -->
